[17:10:53] [main/INFO]: Loading Minecraft 1.20.4 with Fabric Loader 0.15.11
[17:10:53] [main/WARN]: Warnings were found!
 - Mod 'Debugify' (debugify) 1.20.4+1.1 recommends any version of yet_another_config_lib_v3, which is missing!
	 - You should install any version of yet_another_config_lib_v3 for the optimal experience.
 - Mod 'Debugify' (debugify) 1.20.4+1.1 recommends any version of modmenu, which is missing!
	 - You should install any version of modmenu for the optimal experience.
[17:10:53] [main/INFO]: Loading 95 mods:
	- c2me 0.2.0+alpha.11.67
	   |-- c2me-base 0.2.0+alpha.11.67
	   |-- c2me-client-uncapvd 0.2.0+alpha.11.67
	   |-- c2me-fixes-chunkio-threading-issues 0.2.0+alpha.11.67
	   |-- c2me-fixes-general-threading-issues 0.2.0+alpha.11.67
	   |-- c2me-fixes-worldgen-threading-issues 0.2.0+alpha.11.67
	   |-- c2me-fixes-worldgen-vanilla-bugs 0.2.0+alpha.11.67
	   |-- c2me-notickvd 0.2.0+alpha.11.67
	   |-- c2me-opts-allocs 0.2.0+alpha.11.67
	   |-- c2me-opts-chunk-access 0.2.0+alpha.11.67
	   |-- c2me-opts-chunkio 0.2.0+alpha.11.67
	   |-- c2me-opts-math 0.2.0+alpha.11.67
	   |-- c2me-opts-scheduling 0.2.0+alpha.11.67
	   |-- c2me-opts-worldgen-general 0.2.0+alpha.11.67
	   |-- c2me-opts-worldgen-vanilla 0.2.0+alpha.11.67
	   |-- c2me-rewrites-chunk-serializer 0.2.0+alpha.11.67
	   |-- c2me-rewrites-chunkio 0.2.0+alpha.11.67
	   |-- c2me-server-utils 0.2.0+alpha.11.67
	   |-- c2me-threading-chunkio 0.2.0+alpha.11.67
	   |-- c2me-threading-lighting 0.2.0+alpha.11.67
	   |-- c2me-threading-worldgen 0.2.0+alpha.11.67
	   |-- com_electronwill_night-config_core 3.6.5
	   |-- com_electronwill_night-config_toml 3.6.5
	   |-- com_ibm_async_asyncutil 0.1.0
	   |-- net_objecthunter_exp4j 0.4.8
	   \-- org_threadly_threadly 7.0
	- carpet 1.4.128+v231205
	- chunky 1.3.146
	- debugify 1.20.4+1.1
	- fabric-api 0.97.0+1.20.4
	   |-- fabric-api-base 0.4.37+78d798af4f
	   |-- fabric-api-lookup-api-v1 1.6.50+82b1bb3e4f
	   |-- fabric-biome-api-v1 13.0.17+78d798af4f
	   |-- fabric-block-api-v1 1.0.17+3e2216cb4f
	   |-- fabric-block-view-api-v2 1.0.5+78d798af4f
	   |-- fabric-blockrenderlayer-v1 1.1.47+78d798af4f
	   |-- fabric-client-tags-api-v1 1.1.8+78d798af4f
	   |-- fabric-command-api-v1 1.2.42+f71b366f4f
	   |-- fabric-command-api-v2 2.2.21+78d798af4f
	   |-- fabric-commands-v0 0.2.59+df3654b34f
	   |-- fabric-containers-v0 0.1.87+df3654b34f
	   |-- fabric-content-registries-v0 5.0.16+78d798af4f
	   |-- fabric-convention-tags-v1 1.5.11+78d798af4f
	   |-- fabric-crash-report-info-v1 0.2.24+78d798af4f
	   |-- fabric-data-attachment-api-v1 1.1.5+b90db5744f
	   |-- fabric-data-generation-api-v1 13.2.5+5c0133444f
	   |-- fabric-dimensions-v1 2.1.62+78d798af4f
	   |-- fabric-entity-events-v1 1.6.2+09fc25014f
	   |-- fabric-events-interaction-v0 0.7.2+389931eb4f
	   |-- fabric-events-lifecycle-v0 0.2.75+df3654b34f
	   |-- fabric-game-rule-api-v1 1.0.47+78d798af4f
	   |-- fabric-item-api-v1 2.3.0+bcdd12964f
	   |-- fabric-item-group-api-v1 4.0.27+ee30b13a4f
	   |-- fabric-key-binding-api-v1 1.0.42+78d798af4f
	   |-- fabric-keybindings-v0 0.2.40+df3654b34f
	   |-- fabric-lifecycle-events-v1 2.3.1+a67ffb5d4f
	   |-- fabric-loot-api-v2 2.1.10+78d798af4f
	   |-- fabric-message-api-v1 6.0.6+78d798af4f
	   |-- fabric-mining-level-api-v1 2.1.66+78d798af4f
	   |-- fabric-model-loading-api-v1 1.0.9+78d798af4f
	   |-- fabric-models-v0 0.4.8+9386d8a74f
	   |-- fabric-networking-api-v1 3.1.8+2e5ac5484f
	   |-- fabric-object-builder-api-v1 13.1.0+dba1195c4f
	   |-- fabric-particles-v1 1.1.8+78d798af4f
	   |-- fabric-recipe-api-v1 2.0.21+78d798af4f
	   |-- fabric-registry-sync-v0 4.0.20+ee30b13a4f
	   |-- fabric-renderer-api-v1 3.2.5+78d798af4f
	   |-- fabric-renderer-indigo 1.5.5+78d798af4f
	   |-- fabric-renderer-registries-v1 3.2.54+df3654b34f
	   |-- fabric-rendering-data-attachment-v1 0.3.43+73761d2e4f
	   |-- fabric-rendering-fluids-v1 3.1.2+e761c6694f
	   |-- fabric-rendering-v0 1.1.57+df3654b34f
	   |-- fabric-rendering-v1 3.2.1+6fd945a04f
	   |-- fabric-resource-conditions-api-v1 2.3.15+78d798af4f
	   |-- fabric-resource-loader-v0 0.11.21+ee30b13a4f
	   |-- fabric-screen-api-v1 2.0.18+78d798af4f
	   |-- fabric-screen-handler-api-v1 1.3.56+78d798af4f
	   |-- fabric-sound-api-v1 1.0.18+78d798af4f
	   |-- fabric-transfer-api-v1 4.0.12+90f2d7b14f
	   \-- fabric-transitive-access-wideners-v1 5.0.15+78d798af4f
	- fabricloader 0.15.11
	   \-- mixinextras 0.3.5
	- ferritecore 6.0.3
	- java 17
	- krypton 0.2.6
	   \-- com_velocitypowered_velocity-native 3.2.0-SNAPSHOT
	- lazydfu 0.1.3
	- lithium 0.12.1
	- memoryleakfix 1.1.5
	- minecraft 1.20.4
	- modernfix 5.17.0+mc1.20.4
	- nochatreports 1.20.4-v2.6.1
	- noisium 2.0.3+mc1.20.2-1.20.4
	   \-- mixinextras 0.3.5
	- player_roles 1.6.8
	   |-- more_codecs 0.3.3+1.20.2
	   \-- player_roles_api 1.6.8
	- servercore 1.5.0+1.20.4
	   |-- fabric-permissions-api-v0 0.3-SNAPSHOT
	   |-- org_yaml_snakeyaml 2.2
	   |-- placeholder-api 2.3.0+1.20.3
	   |-- space_arim_dazzleconf_dazzleconf-core 1.3.0-M2
	   \-- space_arim_dazzleconf_dazzleconf-ext-snakeyaml 1.3.0-M2
	- spark 1.10.58
	- starlight 1.1.3+fabric.f5dcd1a
	- threadtweak 1.20.4-0.1.2
	- viafabric 0.4.14+70-main
	   |-- cotton-client-commands 1.1.0+1.15.2
	   |-- org_yaml_snakeyaml 2.2
	   |-- viafabric-mc1204 0.4.14+70-main
	   \-- viaversion 4.10.2
	- vmp 0.2.0+beta.7.139
	   \-- com_ibm_async_asyncutil 0.1.0
[17:10:53] [main/INFO]: SpongePowered MIXIN Subsystem Version=0.8.5 Source=file:/home/opc/MCServers/FaunaCordServer/fabric_server_2/libraries/net/fabricmc/sponge-mixin/0.13.3+mixin.0.8.5/sponge-mixin-0.13.3+mixin.0.8.5.jar Service=Knot/Fabric Env=SERVER
[17:10:53] [main/INFO]: Compatibility level set to JAVA_16
[17:10:53] [main/INFO]: Compatibility level set to JAVA_17
[17:10:54] [main/INFO]: Initializing com.ishland.c2me.base.mixin
[17:10:54] [main/INFO]: Global Executor Parallelism: 1 configured, 1 evaluated, 1 default evaluated
[17:10:54] [main/INFO]: Initializing com.ishland.c2me.fixes.chunkio.threading_issues.mixin
[17:10:54] [main/INFO]: Initializing com.ishland.c2me.fixes.general.threading_issues.mixin
[17:10:54] [main/INFO]: Initializing com.ishland.c2me.fixes.worldgen.threading_issues.mixin
[17:10:54] [main/INFO]: Initializing com.ishland.c2me.fixes.worldgen.vanilla_bugs.mixin
[17:10:54] [main/INFO]: Initializing com.ishland.c2me.notickvd.mixin
[17:10:54] [main/INFO]: Initializing com.ishland.c2me.opts.allocs.mixin
[17:10:54] [main/INFO]: Initializing com.ishland.c2me.opts.chunk_access.mixin
[17:10:54] [main/INFO]: Initializing com.ishland.c2me.opts.chunkio.mixin
[17:10:54] [main/INFO]: Initializing com.ishland.c2me.opts.math.mixin
[17:10:54] [main/INFO]: Initializing com.ishland.c2me.opts.scheduling.mixin
[17:10:54] [main/INFO]: Initializing com.ishland.c2me.opts.worldgen.general.mixin
[17:10:54] [main/INFO]: Initializing com.ishland.c2me.opts.worldgen.vanilla.mixin
[17:10:54] [main/INFO]: Initializing com.ishland.c2me.rewrites.chunk_serializer.mixin
[17:10:54] [main/INFO]: Disabling com.ishland.c2me.rewrites.chunk_serializer.mixin
[17:10:54] [main/INFO]: Initializing com.ishland.c2me.rewrites.chunkio.mixin
[17:10:54] [main/INFO]: Disabling com.ishland.c2me.rewrites.chunkio.mixin
[17:10:54] [main/INFO]: Initializing com.ishland.c2me.server.utils.mixin
[17:10:54] [main/INFO]: Initializing com.ishland.c2me.threading.chunkio.mixin
[17:10:54] [main/INFO]: Initializing com.ishland.c2me.threading.lighting.mixin
[17:10:54] [main/INFO]: Initializing com.ishland.c2me.threading.worldgen.mixin
[17:10:54] [main/INFO]: Disabling com.ishland.c2me.threading.worldgen.mixin
[17:10:54] [main/WARN]: Mod 'c2me' attempted to override option 'mixin.world.player_chunk_tick', which doesn't exist, ignoring
[17:10:54] [main/INFO]: Loaded configuration file for Lithium: 129 options available, 2 override(s) found
[17:10:54] [main/WARN]: Reference map 'memoryleakfix-fabric-1.17+-fabric-refmap.json' for memoryleakfix-fabric.mixins.json could not be read. If this is a development environment you can ignore this message
[17:10:54] [main/INFO]: Loaded configuration file for ModernFix 5.17.0+mc1.20.4: 54 options available, 5 override(s) found
[17:10:54] [main/WARN]: Option 'mixin.bugfix.paper_chunk_patches' overriden (by mods [c2me]) to 'false'
[17:10:54] [main/WARN]: Option 'mixin.perf.cache_strongholds' overriden (by mods [c2me]) to 'false'
[17:10:54] [main/WARN]: Option 'mixin.perf.nbt_memory_usage' overriden (by mods [c2me]) to 'false'
[17:10:54] [main/WARN]: Option 'mixin.bugfix.chunk_deadlock' overriden (by mods [c2me]) to 'false'
[17:10:54] [main/WARN]: Option 'mixin.perf.thread_priorities' overriden (by mods [threadtweak]) to 'false'
[17:10:54] [main/INFO]: Applying Nashorn fix
[17:10:54] [main/INFO]: Successfully started async appender with [ServerGuiConsole, SysOut, File]
[17:10:55] [main/WARN]: Error loading class: ca/spottedleaf/starlight/common/thread/SchedulingUtil (java.lang.ClassNotFoundException: ca/spottedleaf/starlight/common/thread/SchedulingUtil)
[17:10:55] [main/WARN]: Force disabled MC-135971 because it's conflicting with: carpet
[17:10:55] [main/WARN]: Force-disabling mixin 'alloc.blockstate.StateMixin' as rule 'mixin.alloc.blockstate' (added by mods [ferritecore]) disables it and children
[17:10:55] [main/WARN]: Force-disabling mixin 'alloc.chunk_ticking.ServerChunkManagerMixin' as rule 'mixin.alloc.chunk_ticking' (added by mods [servercore]) disables it and children
[17:10:55] [main/INFO]: [MemoryLeakFix] Will be applying 1 memory leak fixes!
[17:10:55] [main/INFO]: [MemoryLeakFix] Currently enabled memory leak fixes: [biomeTemperatureLeak]
[17:10:55] [main/INFO]: Initializing MixinExtras via com.llamalad7.mixinextras.service.MixinExtrasServiceImpl(version=0.3.5).
[17:10:55] [main/INFO]: ThreadTweak config initialized
[17:10:58] [main/INFO]: Injecting BlockStateBase cache population hook into getNeighborPathNodeType from me.jellysquid.mods.lithium.mixin.ai.pathing.AbstractBlockStateMixin
[17:10:58] [main/INFO]: Injecting BlockStateBase cache population hook into getPathNodeType from me.jellysquid.mods.lithium.mixin.ai.pathing.AbstractBlockStateMixin
[17:10:58] [main/INFO]: Injecting BlockStateBase cache population hook into getOpacityIfCached from ca.spottedleaf.starlight.mixin.common.blockstate.BlockStateBaseMixin
[17:10:58] [main/INFO]: Injecting BlockStateBase cache population hook into isConditionallyFullOpaque from ca.spottedleaf.starlight.mixin.common.blockstate.BlockStateBaseMixin
[17:10:58] [main/INFO]: Injecting BlockStateBase cache population hook into lithium$getAllFlags from me.jellysquid.mods.lithium.mixin.util.block_tracking.AbstractBlockStateMixin
[17:10:59] [main/WARN]: Method overwrite conflict for method_21740 in modernfix-common.mixins.json:perf.remove_biome_temperature_cache.BiomeMixin from mod modernfix, previously written by me.jellysquid.mods.lithium.mixin.world.temperature_cache.BiomeMixin. Skipping method.
[17:11:02] [main/INFO]: Vanilla bootstrap took 4231 milliseconds
[17:11:02] [main/INFO]: Enabled 33 bug fixes: [MC-2025, MC-7569, MC-8187, MC-14923, MC-30391, MC-31819, MC-69216, MC-72151, MC-88371, MC-89146, MC-93018, MC-100991, MC-119417, MC-119754, MC-121706, MC-121903, MC-124117, MC-129909, MC-132878, MC-135971, MC-155509, MC-160095, MC-179072, MC-183990, MC-193343, MC-199467, MC-200418, MC-206922, MC-215530, MC-223153, MC-224729, MC-231743, MC-232869]
[17:11:02] [main/INFO]: Successfully Debugify'd your game!
[17:11:02] [main/INFO]: Compression will use libdeflate (Linux aarch64), encryption will use OpenSSL 1.1.x (Linux aarch64)
[17:11:02] [main/INFO]: Loading Noisium.
[17:11:02] [main/INFO]: [ServerCore] Loaded V1.5.0+1.20.4!
[17:11:03] [Via-Mappingloader-0/INFO]: Loading block connection mappings ...
[17:11:03] [Via-Mappingloader-0/INFO]: Using FastUtil Long2ObjectOpenHashMap for block connections
[17:11:03] [main/INFO]: ViaVersion detected server version: 1.20.3-1.20.4 (765)
[17:11:03] [ViaFabric-2/INFO]: Finished mapping loading, shutting down loader executor!
[17:11:03] [main/INFO]: Krypton is now accelerating your Minecraft server's networking stack 🚀
[17:11:03] [main/INFO]: Environment: Environment[sessionHost=https://sessionserver.mojang.com, servicesHost=https://api.minecraftservices.com, name=PROD]
[17:11:04] [main/INFO]: Bypassed Mojang DFU
[17:11:04] [main/INFO]: Found new data pack player_roles, loading it automatically
[17:11:05] [main/INFO]: No existing world data, creating new world
[17:11:06] [main/INFO]: Loaded 7 recipes
[17:11:07] [main/INFO]: Loaded 1271 advancements
[17:11:07] [main/INFO]: Applied 0 biome modifications to 0 of 64 new biomes in 1.885 ms
[17:11:07] [Server thread/INFO]: Starting background profiler...
[17:11:07] [Server thread/INFO]: Starting minecraft server version 1.20.4
[17:11:07] [Server thread/INFO]: Loading properties
[17:11:07] [Server thread/INFO]: Default game type: CREATIVE
[17:11:07] [Server thread/INFO]: Generating keypair
[17:11:07] [Server thread/INFO]: Starting Minecraft server on *:25565
[17:11:07] [Server thread/INFO]: Using epoll channel type
[17:11:07] [Server thread/INFO]: Preparing level "world"
[17:11:08] [Server thread/INFO]: Enforcing safe world random access
[17:11:08] [Server thread/INFO]: Changing watch distance to 8
[17:11:14] [Server thread/INFO]: Changing watch distance to 8
[17:11:14] [Server thread/INFO]: Changing watch distance to 8
[17:11:14] [Server thread/INFO]: Preparing start region for dimension minecraft:overworld
[17:11:15] [Worker-Main-2/INFO]: Preparing spawn area: 0%
[17:11:15] [Worker-Main-3/INFO]: Preparing spawn area: 0%
[17:11:15] [Worker-Main-3/INFO]: Preparing spawn area: 0%
[17:11:16] [Worker-Main-2/INFO]: Preparing spawn area: 0%
[17:11:16] [Worker-Main-2/INFO]: Preparing spawn area: 1%
[17:11:17] [Worker-Main-1/INFO]: Preparing spawn area: 1%
[17:11:17] [Worker-Main-3/INFO]: Preparing spawn area: 1%
[17:11:18] [Worker-Main-2/INFO]: Preparing spawn area: 2%
[17:11:18] [Worker-Main-3/INFO]: Preparing spawn area: 2%
[17:11:19] [Worker-Main-3/INFO]: Preparing spawn area: 3%
[17:11:19] [Worker-Main-3/INFO]: Preparing spawn area: 4%
[17:11:20] [Worker-Main-3/INFO]: Preparing spawn area: 4%
[17:11:20] [Worker-Main-1/INFO]: Preparing spawn area: 5%
[17:11:21] [Worker-Main-3/INFO]: Preparing spawn area: 6%
[17:11:21] [Worker-Main-2/INFO]: Preparing spawn area: 7%
[17:11:22] [Worker-Main-1/INFO]: Preparing spawn area: 9%
[17:11:22] [Worker-Main-3/INFO]: Preparing spawn area: 9%
[17:11:23] [Worker-Main-2/INFO]: Preparing spawn area: 11%
[17:11:23] [Worker-Main-1/INFO]: Preparing spawn area: 12%
[17:11:24] [Worker-Main-1/INFO]: Preparing spawn area: 13%
[17:11:24] [Worker-Main-1/INFO]: Preparing spawn area: 15%
[17:11:25] [Worker-Main-1/INFO]: Preparing spawn area: 15%
[17:11:25] [Worker-Main-1/INFO]: Preparing spawn area: 17%
[17:11:26] [Worker-Main-1/INFO]: Preparing spawn area: 18%
[17:11:26] [Worker-Main-1/INFO]: Preparing spawn area: 20%
[17:11:27] [Worker-Main-1/INFO]: Preparing spawn area: 21%
[17:11:27] [Worker-Main-1/INFO]: Preparing spawn area: 22%
[17:11:28] [Worker-Main-2/INFO]: Preparing spawn area: 24%
[17:11:28] [Worker-Main-2/INFO]: Preparing spawn area: 26%
[17:11:29] [Worker-Main-2/INFO]: Preparing spawn area: 27%
[17:11:29] [Worker-Main-1/INFO]: Preparing spawn area: 29%
[17:11:30] [Worker-Main-1/INFO]: Preparing spawn area: 31%
[17:11:30] [Worker-Main-1/INFO]: Preparing spawn area: 32%
[17:11:31] [Worker-Main-2/INFO]: Preparing spawn area: 35%
[17:11:31] [Worker-Main-1/INFO]: Preparing spawn area: 36%
[17:11:32] [Worker-Main-3/INFO]: Preparing spawn area: 38%
[17:11:32] [Worker-Main-3/INFO]: Preparing spawn area: 40%
[17:11:33] [Worker-Main-1/INFO]: Preparing spawn area: 42%
[17:11:33] [Worker-Main-3/INFO]: Preparing spawn area: 44%
[17:11:34] [Worker-Main-1/INFO]: Preparing spawn area: 46%
[17:11:34] [Worker-Main-2/INFO]: Preparing spawn area: 48%
[17:11:35] [Worker-Main-1/INFO]: Preparing spawn area: 50%
[17:11:35] [Worker-Main-3/INFO]: Preparing spawn area: 52%
[17:11:36] [Worker-Main-3/INFO]: Preparing spawn area: 54%
[17:11:36] [Worker-Main-3/INFO]: Preparing spawn area: 56%
[17:11:37] [Worker-Main-1/INFO]: Preparing spawn area: 59%
[17:11:37] [Worker-Main-1/INFO]: Preparing spawn area: 62%
[17:11:38] [Worker-Main-3/INFO]: Preparing spawn area: 64%
[17:11:38] [Worker-Main-1/INFO]: Preparing spawn area: 66%
[17:11:39] [Worker-Main-2/INFO]: Preparing spawn area: 68%
[17:11:39] [Worker-Main-2/INFO]: Preparing spawn area: 72%
[17:11:40] [Worker-Main-2/INFO]: Preparing spawn area: 75%
[17:11:40] [Worker-Main-1/INFO]: Preparing spawn area: 77%
[17:11:41] [Worker-Main-1/INFO]: Preparing spawn area: 80%
[17:11:41] [Worker-Main-2/INFO]: Preparing spawn area: 83%
[17:11:42] [Worker-Main-3/INFO]: Preparing spawn area: 86%
[17:11:42] [Worker-Main-2/INFO]: Preparing spawn area: 89%
[17:11:43] [Worker-Main-2/INFO]: Preparing spawn area: 92%
[17:11:43] [Worker-Main-3/INFO]: Preparing spawn area: 95%
[17:11:44] [Worker-Main-1/INFO]: Preparing spawn area: 97%
[17:11:44] [Server thread/INFO]: Time elapsed: 29824 ms
[17:11:44] [Server thread/INFO]: Done (36.892s)! For help, type "help"
[17:11:44] [Server thread/WARN]: Dedicated server took 52.736 seconds to load
[17:14:13] [Server thread/INFO]: Stopping the server
[17:14:13] [Server thread/INFO]: ViaVersion is disabling, if this is a reload and you experience issues consider rebooting.
[17:14:13] [Server thread/INFO]: Stopping server
[17:14:13] [Server thread/INFO]: Saving players
[17:14:13] [Server thread/INFO]: Saving worlds
[17:14:13] [Server thread/INFO]: Saving chunks for level 'ServerLevel[world]'/minecraft:overworld
[17:14:13] [Server thread/INFO]: Saving chunks for level 'ServerLevel[world]'/minecraft:the_end
[17:14:13] [Server thread/INFO]: Saving chunks for level 'ServerLevel[world]'/minecraft:the_nether
[17:14:13] [Server thread/INFO]: ThreadedAnvilChunkStorage (world): All chunks are saved
[17:14:13] [Server thread/INFO]: ThreadedAnvilChunkStorage (DIM1): All chunks are saved
[17:14:13] [Server thread/INFO]: ThreadedAnvilChunkStorage (DIM-1): All chunks are saved
[17:14:13] [Server thread/INFO]: ThreadedAnvilChunkStorage: All dimensions are saved
